<?xml version="1.0" encoding="UTF-8"?>
<testng-results skipped="0" failed="0" ignored="0" total="1" passed="1">
  <reporter-output>
    <line>
      <![CDATA[<div "result">User is on Applicants report page (PASSED : 8s)</div>]]>
    </line>
    <line>
      <![CDATA[<div "result">User can read applicants data from table (PASSED : 17s)</div>]]>
    </line>
    <line>
      <![CDATA[<div "result">csv report is generated (PASSED : 0s)</div>]]>
    </line>
    <line>
      <![CDATA[<div "result">data in UI and csv report should match (PASSED : 0s)</div>]]>
    </line>
  </reporter-output>
  <suite name="Default suite" duration-ms="26459" started-at="2018-08-10T00:38:21Z" finished-at="2018-08-10T00:38:47Z">
    <groups>
      <group name="cucumber">
        <method signature="AbstractTestNGCucumberTests.runScenario(cucumber.api.testng.PickleEventWrapper, cucumber.api.testng.CucumberFeatureWrapper)[pri:0, instance:runners.CukesRunner@20322d26]" name="runScenario" class="cucumber.api.testng.AbstractTestNGCucumberTests"/>
      </group> <!-- cucumber -->
    </groups>
    <test name="Default test" duration-ms="26459" started-at="2018-08-10T00:38:21Z" finished-at="2018-08-10T00:38:47Z">
      <class name="runners.CukesRunner">
        <test-method status="PASS" signature="setUpClass()[pri:0, instance:runners.CukesRunner@20322d26]" name="setUpClass" is-config="true" duration-ms="122" started-at="2018-08-10T00:38:21Z" finished-at="2018-08-10T00:38:21Z">
          <reporter-output>
          </reporter-output>
        </test-method> <!-- setUpClass -->
        <test-method status="PASS" signature="runScenario(cucumber.api.testng.PickleEventWrapper, cucumber.api.testng.CucumberFeatureWrapper)[pri:0, instance:runners.CukesRunner@20322d26]" name="runScenario" duration-ms="26246" started-at="2018-08-10T00:38:21Z" description="Runs Cucumber Scenarios" data-provider="scenarios" finished-at="2018-08-10T00:38:47Z">
          <params>
            <param index="0">
              <value>
                <![CDATA["Validate UI data against CSV report"]]>
              </value>
            </param>
            <param index="1">
              <value>
                <![CDATA["Applicants data cvs report"]]>
              </value>
            </param>
          </params>
          <reporter-output>
            <line>
              <![CDATA[<div "result">User is on Applicants report page (PASSED : 8s)</div>]]>
            </line>
            <line>
              <![CDATA[<div "result">User can read applicants data from table (PASSED : 17s)</div>]]>
            </line>
            <line>
              <![CDATA[<div "result">csv report is generated (PASSED : 0s)</div>]]>
            </line>
            <line>
              <![CDATA[<div "result">data in UI and csv report should match (PASSED : 0s)</div>]]>
            </line>
          </reporter-output>
        </test-method> <!-- runScenario -->
        <test-method status="PASS" signature="tearDownClass()[pri:0, instance:runners.CukesRunner@20322d26]" name="tearDownClass" is-config="true" duration-ms="0" started-at="2018-08-10T00:38:47Z" finished-at="2018-08-10T00:38:47Z">
          <reporter-output>
          </reporter-output>
        </test-method> <!-- tearDownClass -->
      </class> <!-- runners.CukesRunner -->
    </test> <!-- Default test -->
  </suite> <!-- Default suite -->
</testng-results>
